<?xml version="1.0" encoding="UTF-8"?>
<!-- Generated by org.testng.reporters.JUnitXMLReporter -->
<testsuite ignored="0" hostname="LAPTOP-VARHNTM8" failures="0" tests="5" name="Default test" time="95.968" errors="0" timestamp="2023-02-13T13:25:20 IST">
  <testcase classname="com.mohs10.scripts.HomeTest" name="Userid" time="12.921"/>
  <testcase classname="com.mohs10.scripts.HomeTest" name="age" time="15.338"/>
  <testcase classname="com.mohs10.scripts.HomeTest" name="age8" time="30.435"/>
  <testcase classname="com.mohs10.scripts.HomeTest" name="login" time="24.679"/>
  <testcase classname="com.mohs10.scripts.HomeTest" name="login2" time="12.126"/>
</testsuite> <!-- Default test -->
