<?xml version="1.0" encoding="UTF-8"?>
<testng-results ignored="0" total="5" passed="5" failed="0" skipped="0">
  <reporter-output>
  </reporter-output>
  <suite started-at="2023-02-13T13:23:44 IST" name="Default suite" finished-at="2023-02-13T13:25:20 IST" duration-ms="95968">
    <groups>
    </groups>
    <test started-at="2023-02-13T13:23:44 IST" name="Default test" finished-at="2023-02-13T13:25:20 IST" duration-ms="95968">
      <class name="com.mohs10.scripts.HomeTest">
        <test-method is-config="true" signature="generateReport()[pri:0, instance:com.mohs10.scripts.HomeTest@5ba3f27a]" started-at="2023-02-13T13:23:44 IST" name="generateReport" finished-at="2023-02-13T13:23:45 IST" duration-ms="407" status="PASS">
          <reporter-output>
          </reporter-output>
        </test-method> <!-- generateReport -->
        <test-method is-config="true" signature="methodName(java.lang.reflect.Method)[pri:0, instance:com.mohs10.scripts.HomeTest@5ba3f27a]" started-at="2023-02-13T13:23:45 IST" name="methodName" finished-at="2023-02-13T13:23:45 IST" duration-ms="6" status="PASS">
          <params>
            <param index="0">
              <value>
                <![CDATA[public void com.mohs10.scripts.HomeTest.Userid() throws java.lang.Exception]]>
              </value>
            </param>
          </params>
          <reporter-output>
          </reporter-output>
        </test-method> <!-- methodName -->
        <test-method signature="Userid()[pri:0, instance:com.mohs10.scripts.HomeTest@5ba3f27a]" started-at="2023-02-13T13:23:45 IST" name="Userid" finished-at="2023-02-13T13:23:58 IST" duration-ms="12921" status="PASS">
          <reporter-output>
          </reporter-output>
        </test-method> <!-- Userid -->
        <test-method signature="age()[pri:0, instance:com.mohs10.scripts.HomeTest@5ba3f27a]" started-at="2023-02-13T13:23:58 IST" name="age" finished-at="2023-02-13T13:24:13 IST" duration-ms="15338" status="PASS">
          <reporter-output>
          </reporter-output>
        </test-method> <!-- age -->
        <test-method is-config="true" signature="methodName(java.lang.reflect.Method)[pri:0, instance:com.mohs10.scripts.HomeTest@5ba3f27a]" started-at="2023-02-13T13:23:58 IST" name="methodName" finished-at="2023-02-13T13:23:58 IST" duration-ms="0" status="PASS">
          <params>
            <param index="0">
              <value>
                <![CDATA[public void com.mohs10.scripts.HomeTest.age() throws java.lang.Exception]]>
              </value>
            </param>
          </params>
          <reporter-output>
          </reporter-output>
        </test-method> <!-- methodName -->
        <test-method is-config="true" signature="methodName(java.lang.reflect.Method)[pri:0, instance:com.mohs10.scripts.HomeTest@5ba3f27a]" started-at="2023-02-13T13:24:13 IST" name="methodName" finished-at="2023-02-13T13:24:13 IST" duration-ms="0" status="PASS">
          <params>
            <param index="0">
              <value>
                <![CDATA[public void com.mohs10.scripts.HomeTest.age8() throws java.lang.Exception]]>
              </value>
            </param>
          </params>
          <reporter-output>
          </reporter-output>
        </test-method> <!-- methodName -->
        <test-method signature="age8()[pri:0, instance:com.mohs10.scripts.HomeTest@5ba3f27a]" started-at="2023-02-13T13:24:13 IST" name="age8" finished-at="2023-02-13T13:24:44 IST" duration-ms="30435" status="PASS">
          <reporter-output>
          </reporter-output>
        </test-method> <!-- age8 -->
        <test-method signature="login()[pri:0, instance:com.mohs10.scripts.HomeTest@5ba3f27a]" started-at="2023-02-13T13:24:44 IST" name="login" finished-at="2023-02-13T13:25:08 IST" duration-ms="24679" status="PASS">
          <reporter-output>
          </reporter-output>
        </test-method> <!-- login -->
        <test-method is-config="true" signature="methodName(java.lang.reflect.Method)[pri:0, instance:com.mohs10.scripts.HomeTest@5ba3f27a]" started-at="2023-02-13T13:24:44 IST" name="methodName" finished-at="2023-02-13T13:24:44 IST" duration-ms="0" status="PASS">
          <params>
            <param index="0">
              <value>
                <![CDATA[public void com.mohs10.scripts.HomeTest.login() throws java.lang.Exception]]>
              </value>
            </param>
          </params>
          <reporter-output>
          </reporter-output>
        </test-method> <!-- methodName -->
        <test-method is-config="true" signature="methodName(java.lang.reflect.Method)[pri:0, instance:com.mohs10.scripts.HomeTest@5ba3f27a]" started-at="2023-02-13T13:25:08 IST" name="methodName" finished-at="2023-02-13T13:25:08 IST" duration-ms="1" status="PASS">
          <params>
            <param index="0">
              <value>
                <![CDATA[public void com.mohs10.scripts.HomeTest.login2() throws java.lang.Exception]]>
              </value>
            </param>
          </params>
          <reporter-output>
          </reporter-output>
        </test-method> <!-- methodName -->
        <test-method signature="login2()[pri:0, instance:com.mohs10.scripts.HomeTest@5ba3f27a]" started-at="2023-02-13T13:25:08 IST" name="login2" finished-at="2023-02-13T13:25:20 IST" duration-ms="12126" status="PASS">
          <reporter-output>
          </reporter-output>
        </test-method> <!-- login2 -->
      </class> <!-- com.mohs10.scripts.HomeTest -->
    </test> <!-- Default test -->
  </suite> <!-- Default suite -->
</testng-results>
